2017-11-22 00:08:03,577 [INFO] from application in play-dev-mode-akka.actor.default-dispatcher-2 - ApplicationTimer demo: Starting application at 2017-11-21T15:08:03.575Z.
2017-11-22 00:08:04,259 [INFO] from play.api.http.EnabledFilters in play-dev-mode-akka.actor.default-dispatcher-2 - Enabled Filters (see <https://www.playframework.com/documentation/latest/Filters>):

    play.filters.csrf.CSRFFilter
    play.filters.headers.SecurityHeadersFilter
    play.filters.hosts.AllowedHostsFilter
    filters.ExampleFilter

2017-11-22 00:08:04,265 [INFO] from play.api.Play in play-dev-mode-akka.actor.default-dispatcher-2 - Application started (Dev)
2017-11-22 00:11:08,229 [INFO] from application in play-dev-mode-akka.actor.default-dispatcher-7 - ApplicationTimer demo: Stopping application at 2017-11-21T15:11:08.229Z after 185s.
2017-11-22 00:11:08,404 [INFO] from application in play-dev-mode-akka.actor.default-dispatcher-7 - ApplicationTimer demo: Starting application at 2017-11-21T15:11:08.404Z.
2017-11-22 00:11:08,580 [INFO] from play.api.http.EnabledFilters in play-dev-mode-akka.actor.default-dispatcher-7 - Enabled Filters (see <https://www.playframework.com/documentation/latest/Filters>):

    play.filters.csrf.CSRFFilter
    play.filters.headers.SecurityHeadersFilter
    play.filters.hosts.AllowedHostsFilter
    filters.ExampleFilter

2017-11-22 00:11:08,581 [INFO] from play.api.Play in play-dev-mode-akka.actor.default-dispatcher-7 - Application started (Dev)
2017-11-23 22:43:00,125 [ERROR] from application in play-dev-mode-akka.actor.default-dispatcher-14 - 

! @764j66fb8 - Internal server error, for (GET) [/chat/stream/4?user_name=hiro] ->
 
play.sbt.PlayExceptions$CompilationException: Compilation error[too many arguments (4) for method apply: (userName: String, text: String, systemFlag: String)domains.chat.Chat in object Chat]
	at play.sbt.PlayExceptions$CompilationException$.apply(PlayExceptions.scala:34)
	at play.sbt.PlayExceptions$CompilationException$.apply(PlayExceptions.scala:34)
	at scala.Option.map(Option.scala:146)
	at play.sbt.run.PlayReload$.$anonfun$taskFailureHandler$1(PlayReload.scala:33)
	at scala.Option.map(Option.scala:146)
	at play.sbt.run.PlayReload$.taskFailureHandler(PlayReload.scala:28)
	at play.sbt.run.PlayReload$.compileFailure(PlayReload.scala:24)
	at play.sbt.run.PlayReload$.$anonfun$compile$3(PlayReload.scala:51)
	at scala.util.Either$LeftProjection.map(Either.scala:573)
	at play.sbt.run.PlayReload$.compile(PlayReload.scala:51)
	at play.sbt.run.PlayRun$.$anonfun$playRunTask$4(PlayRun.scala:75)
	at play.runsupport.Reloader.$anonfun$reload$1(Reloader.scala:413)
	at play.runsupport.Reloader$$anon$5.run(Reloader.scala:51)
	at java.security.AccessController.doPrivileged(Native Method)
	at play.runsupport.Reloader$.play$runsupport$Reloader$$withReloaderContextClassLoader(Reloader.scala:56)
	at play.runsupport.Reloader.reload(Reloader.scala:413)
	at play.core.server.DevServerStart$$anon$1.get(DevServerStart.scala:123)
	at play.core.server.Server.getHandlerFor(Server.scala:63)
	at play.core.server.Server.getHandlerFor$(Server.scala:48)
	at play.core.server.AkkaHttpServer.getHandlerFor(AkkaHttpServer.scala:41)
	at play.core.server.AkkaHttpServer.getHandler(AkkaHttpServer.scala:214)
	at play.core.server.AkkaHttpServer.handleRequest(AkkaHttpServer.scala:194)
	at play.core.server.AkkaHttpServer.$anonfun$createServerBinding$3(AkkaHttpServer.scala:106)
	at akka.stream.impl.fusing.MapAsync$$anon$23.onPush(Ops.scala:1172)
	at akka.stream.impl.fusing.GraphInterpreter.processPush(GraphInterpreter.scala:499)
	at akka.stream.impl.fusing.GraphInterpreter.processEvent(GraphInterpreter.scala:462)
	at akka.stream.impl.fusing.GraphInterpreter.execute(GraphInterpreter.scala:368)
	at akka.stream.impl.fusing.GraphInterpreterShell.runBatch(ActorGraphInterpreter.scala:571)
	at akka.stream.impl.fusing.GraphInterpreterShell$AsyncInput.execute(ActorGraphInterpreter.scala:457)
	at akka.stream.impl.fusing.GraphInterpreterShell.processEvent(ActorGraphInterpreter.scala:546)
	at akka.stream.impl.fusing.ActorGraphInterpreter.akka$stream$impl$fusing$ActorGraphInterpreter$$processEvent(ActorGraphInterpreter.scala:728)
	at akka.stream.impl.fusing.ActorGraphInterpreter$$anonfun$receive$1.applyOrElse(ActorGraphInterpreter.scala:743)
	at akka.actor.Actor.aroundReceive(Actor.scala:517)
	at akka.actor.Actor.aroundReceive$(Actor.scala:515)
	at akka.stream.impl.fusing.ActorGraphInterpreter.aroundReceive(ActorGraphInterpreter.scala:653)
	at akka.actor.ActorCell.receiveMessage(ActorCell.scala:527)
	at akka.actor.ActorCell.invoke(ActorCell.scala:496)
	at akka.dispatch.Mailbox.processMailbox(Mailbox.scala:257)
	at akka.dispatch.Mailbox.run(Mailbox.scala:224)
	at akka.dispatch.Mailbox.exec(Mailbox.scala:234)
	at akka.dispatch.forkjoin.ForkJoinTask.doExec(ForkJoinTask.java:260)
	at akka.dispatch.forkjoin.ForkJoinPool$WorkQueue.runTask(ForkJoinPool.java:1339)
	at akka.dispatch.forkjoin.ForkJoinPool.runWorker(ForkJoinPool.java:1979)
	at akka.dispatch.forkjoin.ForkJoinWorkerThread.run(ForkJoinWorkerThread.java:107)
2017-11-23 22:43:43,050 [INFO] from application in play-dev-mode-akka.actor.default-dispatcher-12 - ApplicationTimer demo: Stopping application at 2017-11-23T13:43:43.050Z after 167555s.
2017-11-23 22:43:43,221 [INFO] from application in play-dev-mode-akka.actor.default-dispatcher-12 - ApplicationTimer demo: Starting application at 2017-11-23T13:43:43.219Z.
2017-11-23 22:43:43,417 [INFO] from play.api.http.EnabledFilters in play-dev-mode-akka.actor.default-dispatcher-12 - Enabled Filters (see <https://www.playframework.com/documentation/latest/Filters>):

    play.filters.csrf.CSRFFilter
    play.filters.headers.SecurityHeadersFilter
    play.filters.hosts.AllowedHostsFilter
    filters.ExampleFilter

2017-11-23 22:43:43,418 [INFO] from play.api.Play in play-dev-mode-akka.actor.default-dispatcher-12 - Application started (Dev)
2017-11-23 22:58:00,875 [INFO] from application in play-dev-mode-akka.actor.default-dispatcher-21 - ApplicationTimer demo: Stopping application at 2017-11-23T13:58:00.875Z after 857s.
2017-11-23 22:58:01,033 [INFO] from application in play-dev-mode-akka.actor.default-dispatcher-21 - ApplicationTimer demo: Starting application at 2017-11-23T13:58:01.033Z.
2017-11-23 22:58:01,181 [INFO] from play.api.http.EnabledFilters in play-dev-mode-akka.actor.default-dispatcher-21 - Enabled Filters (see <https://www.playframework.com/documentation/latest/Filters>):

    play.filters.csrf.CSRFFilter
    play.filters.headers.SecurityHeadersFilter
    play.filters.hosts.AllowedHostsFilter
    filters.ExampleFilter

2017-11-23 22:58:01,181 [INFO] from play.api.Play in play-dev-mode-akka.actor.default-dispatcher-21 - Application started (Dev)
2017-11-24 00:12:26,170 [ERROR] from application in play-dev-mode-akka.actor.default-dispatcher-64 - 

! @764jhpnb9 - Internal server error, for (GET) [/chat/stream/1?user_id=hi] ->
 
play.sbt.PlayExceptions$CompilationException: Compilation error[not found: type Date]
	at play.sbt.PlayExceptions$CompilationException$.apply(PlayExceptions.scala:34)
	at play.sbt.PlayExceptions$CompilationException$.apply(PlayExceptions.scala:34)
	at scala.Option.map(Option.scala:146)
	at play.sbt.run.PlayReload$.$anonfun$taskFailureHandler$1(PlayReload.scala:33)
	at scala.Option.map(Option.scala:146)
	at play.sbt.run.PlayReload$.taskFailureHandler(PlayReload.scala:28)
	at play.sbt.run.PlayReload$.compileFailure(PlayReload.scala:24)
	at play.sbt.run.PlayReload$.$anonfun$compile$3(PlayReload.scala:51)
	at scala.util.Either$LeftProjection.map(Either.scala:573)
	at play.sbt.run.PlayReload$.compile(PlayReload.scala:51)
	at play.sbt.run.PlayRun$.$anonfun$playRunTask$4(PlayRun.scala:75)
	at play.runsupport.Reloader.$anonfun$reload$1(Reloader.scala:413)
	at play.runsupport.Reloader$$anon$5.run(Reloader.scala:51)
	at java.security.AccessController.doPrivileged(Native Method)
	at play.runsupport.Reloader$.play$runsupport$Reloader$$withReloaderContextClassLoader(Reloader.scala:56)
	at play.runsupport.Reloader.reload(Reloader.scala:413)
	at play.core.server.DevServerStart$$anon$1.get(DevServerStart.scala:123)
	at play.core.server.Server.getHandlerFor(Server.scala:63)
	at play.core.server.Server.getHandlerFor$(Server.scala:48)
	at play.core.server.AkkaHttpServer.getHandlerFor(AkkaHttpServer.scala:41)
	at play.core.server.AkkaHttpServer.getHandler(AkkaHttpServer.scala:214)
	at play.core.server.AkkaHttpServer.handleRequest(AkkaHttpServer.scala:194)
	at play.core.server.AkkaHttpServer.$anonfun$createServerBinding$3(AkkaHttpServer.scala:106)
	at akka.stream.impl.fusing.MapAsync$$anon$23.onPush(Ops.scala:1172)
	at akka.stream.impl.fusing.GraphInterpreter.processPush(GraphInterpreter.scala:499)
	at akka.stream.impl.fusing.GraphInterpreter.processEvent(GraphInterpreter.scala:462)
	at akka.stream.impl.fusing.GraphInterpreter.execute(GraphInterpreter.scala:368)
	at akka.stream.impl.fusing.GraphInterpreterShell.runBatch(ActorGraphInterpreter.scala:571)
	at akka.stream.impl.fusing.GraphInterpreterShell$AsyncInput.execute(ActorGraphInterpreter.scala:457)
	at akka.stream.impl.fusing.GraphInterpreterShell.processEvent(ActorGraphInterpreter.scala:546)
	at akka.stream.impl.fusing.ActorGraphInterpreter.akka$stream$impl$fusing$ActorGraphInterpreter$$processEvent(ActorGraphInterpreter.scala:728)
	at akka.stream.impl.fusing.ActorGraphInterpreter$$anonfun$receive$1.applyOrElse(ActorGraphInterpreter.scala:743)
	at akka.actor.Actor.aroundReceive(Actor.scala:517)
	at akka.actor.Actor.aroundReceive$(Actor.scala:515)
	at akka.stream.impl.fusing.ActorGraphInterpreter.aroundReceive(ActorGraphInterpreter.scala:653)
	at akka.actor.ActorCell.receiveMessage(ActorCell.scala:527)
	at akka.actor.ActorCell.invoke(ActorCell.scala:496)
	at akka.dispatch.Mailbox.processMailbox(Mailbox.scala:257)
	at akka.dispatch.Mailbox.run(Mailbox.scala:224)
	at akka.dispatch.Mailbox.exec(Mailbox.scala:234)
	at akka.dispatch.forkjoin.ForkJoinTask.doExec(ForkJoinTask.java:260)
	at akka.dispatch.forkjoin.ForkJoinPool$WorkQueue.runTask(ForkJoinPool.java:1339)
	at akka.dispatch.forkjoin.ForkJoinPool.runWorker(ForkJoinPool.java:1979)
	at akka.dispatch.forkjoin.ForkJoinWorkerThread.run(ForkJoinWorkerThread.java:107)
2017-11-24 00:12:27,013 [ERROR] from application in play-dev-mode-akka.actor.default-dispatcher-60 - 

! @764jhpohk - Internal server error, for (GET) [/chat/stream/1?user_id=hito] ->
 
play.sbt.PlayExceptions$CompilationException: Compilation error[not found: type Date]
	at play.sbt.PlayExceptions$CompilationException$.apply(PlayExceptions.scala:34)
	at play.sbt.PlayExceptions$CompilationException$.apply(PlayExceptions.scala:34)
	at scala.Option.map(Option.scala:146)
	at play.sbt.run.PlayReload$.$anonfun$taskFailureHandler$1(PlayReload.scala:33)
	at scala.Option.map(Option.scala:146)
	at play.sbt.run.PlayReload$.taskFailureHandler(PlayReload.scala:28)
	at play.sbt.run.PlayReload$.compileFailure(PlayReload.scala:24)
	at play.sbt.run.PlayReload$.$anonfun$compile$3(PlayReload.scala:51)
	at scala.util.Either$LeftProjection.map(Either.scala:573)
	at play.sbt.run.PlayReload$.compile(PlayReload.scala:51)
	at play.sbt.run.PlayRun$.$anonfun$playRunTask$4(PlayRun.scala:75)
	at play.runsupport.Reloader.$anonfun$reload$1(Reloader.scala:413)
	at play.runsupport.Reloader$$anon$5.run(Reloader.scala:51)
	at java.security.AccessController.doPrivileged(Native Method)
	at play.runsupport.Reloader$.play$runsupport$Reloader$$withReloaderContextClassLoader(Reloader.scala:56)
	at play.runsupport.Reloader.reload(Reloader.scala:413)
	at play.core.server.DevServerStart$$anon$1.get(DevServerStart.scala:123)
	at play.core.server.Server.getHandlerFor(Server.scala:63)
	at play.core.server.Server.getHandlerFor$(Server.scala:48)
	at play.core.server.AkkaHttpServer.getHandlerFor(AkkaHttpServer.scala:41)
	at play.core.server.AkkaHttpServer.getHandler(AkkaHttpServer.scala:214)
	at play.core.server.AkkaHttpServer.handleRequest(AkkaHttpServer.scala:194)
	at play.core.server.AkkaHttpServer.$anonfun$createServerBinding$3(AkkaHttpServer.scala:106)
	at akka.stream.impl.fusing.MapAsync$$anon$23.onPush(Ops.scala:1172)
	at akka.stream.impl.fusing.GraphInterpreter.processPush(GraphInterpreter.scala:499)
	at akka.stream.impl.fusing.GraphInterpreter.processEvent(GraphInterpreter.scala:462)
	at akka.stream.impl.fusing.GraphInterpreter.execute(GraphInterpreter.scala:368)
	at akka.stream.impl.fusing.GraphInterpreterShell.runBatch(ActorGraphInterpreter.scala:571)
	at akka.stream.impl.fusing.GraphInterpreterShell$AsyncInput.execute(ActorGraphInterpreter.scala:457)
	at akka.stream.impl.fusing.GraphInterpreterShell.processEvent(ActorGraphInterpreter.scala:546)
	at akka.stream.impl.fusing.ActorGraphInterpreter.akka$stream$impl$fusing$ActorGraphInterpreter$$processEvent(ActorGraphInterpreter.scala:728)
	at akka.stream.impl.fusing.ActorGraphInterpreter$$anonfun$receive$1.applyOrElse(ActorGraphInterpreter.scala:743)
	at akka.actor.Actor.aroundReceive(Actor.scala:517)
	at akka.actor.Actor.aroundReceive$(Actor.scala:515)
	at akka.stream.impl.fusing.ActorGraphInterpreter.aroundReceive(ActorGraphInterpreter.scala:653)
	at akka.actor.ActorCell.receiveMessage(ActorCell.scala:527)
	at akka.actor.ActorCell.invoke(ActorCell.scala:496)
	at akka.dispatch.Mailbox.processMailbox(Mailbox.scala:257)
	at akka.dispatch.Mailbox.run(Mailbox.scala:224)
	at akka.dispatch.Mailbox.exec(Mailbox.scala:234)
	at akka.dispatch.forkjoin.ForkJoinTask.doExec(ForkJoinTask.java:260)
	at akka.dispatch.forkjoin.ForkJoinPool$WorkQueue.runTask(ForkJoinPool.java:1339)
	at akka.dispatch.forkjoin.ForkJoinPool.runWorker(ForkJoinPool.java:1979)
	at akka.dispatch.forkjoin.ForkJoinWorkerThread.run(ForkJoinWorkerThread.java:107)
2017-11-24 00:12:35,399 [ERROR] from application in play-dev-mode-akka.actor.default-dispatcher-60 - 

! @764ji0b28 - Internal server error, for (GET) [/chat/stream/1?user_id=a] ->
 
play.sbt.PlayExceptions$CompilationException: Compilation error[not found: type Date]
	at play.sbt.PlayExceptions$CompilationException$.apply(PlayExceptions.scala:34)
	at play.sbt.PlayExceptions$CompilationException$.apply(PlayExceptions.scala:34)
	at scala.Option.map(Option.scala:146)
	at play.sbt.run.PlayReload$.$anonfun$taskFailureHandler$1(PlayReload.scala:33)
	at scala.Option.map(Option.scala:146)
	at play.sbt.run.PlayReload$.taskFailureHandler(PlayReload.scala:28)
	at play.sbt.run.PlayReload$.compileFailure(PlayReload.scala:24)
	at play.sbt.run.PlayReload$.$anonfun$compile$3(PlayReload.scala:51)
	at scala.util.Either$LeftProjection.map(Either.scala:573)
	at play.sbt.run.PlayReload$.compile(PlayReload.scala:51)
	at play.sbt.run.PlayRun$.$anonfun$playRunTask$4(PlayRun.scala:75)
	at play.runsupport.Reloader.$anonfun$reload$1(Reloader.scala:413)
	at play.runsupport.Reloader$$anon$5.run(Reloader.scala:51)
	at java.security.AccessController.doPrivileged(Native Method)
	at play.runsupport.Reloader$.play$runsupport$Reloader$$withReloaderContextClassLoader(Reloader.scala:56)
	at play.runsupport.Reloader.reload(Reloader.scala:413)
	at play.core.server.DevServerStart$$anon$1.get(DevServerStart.scala:123)
	at play.core.server.Server.getHandlerFor(Server.scala:63)
	at play.core.server.Server.getHandlerFor$(Server.scala:48)
	at play.core.server.AkkaHttpServer.getHandlerFor(AkkaHttpServer.scala:41)
	at play.core.server.AkkaHttpServer.getHandler(AkkaHttpServer.scala:214)
	at play.core.server.AkkaHttpServer.handleRequest(AkkaHttpServer.scala:194)
	at play.core.server.AkkaHttpServer.$anonfun$createServerBinding$3(AkkaHttpServer.scala:106)
	at akka.stream.impl.fusing.MapAsync$$anon$23.onPush(Ops.scala:1172)
	at akka.stream.impl.fusing.GraphInterpreter.processPush(GraphInterpreter.scala:499)
	at akka.stream.impl.fusing.GraphInterpreter.processEvent(GraphInterpreter.scala:462)
	at akka.stream.impl.fusing.GraphInterpreter.execute(GraphInterpreter.scala:368)
	at akka.stream.impl.fusing.GraphInterpreterShell.runBatch(ActorGraphInterpreter.scala:571)
	at akka.stream.impl.fusing.GraphInterpreterShell$AsyncInput.execute(ActorGraphInterpreter.scala:457)
	at akka.stream.impl.fusing.GraphInterpreterShell.processEvent(ActorGraphInterpreter.scala:546)
	at akka.stream.impl.fusing.ActorGraphInterpreter.akka$stream$impl$fusing$ActorGraphInterpreter$$processEvent(ActorGraphInterpreter.scala:728)
	at akka.stream.impl.fusing.ActorGraphInterpreter$$anonfun$receive$1.applyOrElse(ActorGraphInterpreter.scala:743)
	at akka.actor.Actor.aroundReceive(Actor.scala:517)
	at akka.actor.Actor.aroundReceive$(Actor.scala:515)
	at akka.stream.impl.fusing.ActorGraphInterpreter.aroundReceive(ActorGraphInterpreter.scala:653)
	at akka.actor.ActorCell.receiveMessage(ActorCell.scala:527)
	at akka.actor.ActorCell.invoke(ActorCell.scala:496)
	at akka.dispatch.Mailbox.processMailbox(Mailbox.scala:257)
	at akka.dispatch.Mailbox.run(Mailbox.scala:224)
	at akka.dispatch.Mailbox.exec(Mailbox.scala:234)
	at akka.dispatch.forkjoin.ForkJoinTask.doExec(ForkJoinTask.java:260)
	at akka.dispatch.forkjoin.ForkJoinPool$WorkQueue.runTask(ForkJoinPool.java:1339)
	at akka.dispatch.forkjoin.ForkJoinPool.runWorker(ForkJoinPool.java:1979)
	at akka.dispatch.forkjoin.ForkJoinWorkerThread.run(ForkJoinWorkerThread.java:107)
2017-11-24 00:13:42,608 [ERROR] from application in play-dev-mode-akka.actor.default-dispatcher-61 - 

! @764ji46d7 - Internal server error, for (GET) [/chat/stream/2?user_id=saka] ->
 
play.sbt.PlayExceptions$CompilationException: Compilation error[not found: value Calendar]
	at play.sbt.PlayExceptions$CompilationException$.apply(PlayExceptions.scala:34)
	at play.sbt.PlayExceptions$CompilationException$.apply(PlayExceptions.scala:34)
	at scala.Option.map(Option.scala:146)
	at play.sbt.run.PlayReload$.$anonfun$taskFailureHandler$1(PlayReload.scala:33)
	at scala.Option.map(Option.scala:146)
	at play.sbt.run.PlayReload$.taskFailureHandler(PlayReload.scala:28)
	at play.sbt.run.PlayReload$.compileFailure(PlayReload.scala:24)
	at play.sbt.run.PlayReload$.$anonfun$compile$3(PlayReload.scala:51)
	at scala.util.Either$LeftProjection.map(Either.scala:573)
	at play.sbt.run.PlayReload$.compile(PlayReload.scala:51)
	at play.sbt.run.PlayRun$.$anonfun$playRunTask$4(PlayRun.scala:75)
	at play.runsupport.Reloader.$anonfun$reload$1(Reloader.scala:413)
	at play.runsupport.Reloader$$anon$5.run(Reloader.scala:51)
	at java.security.AccessController.doPrivileged(Native Method)
	at play.runsupport.Reloader$.play$runsupport$Reloader$$withReloaderContextClassLoader(Reloader.scala:56)
	at play.runsupport.Reloader.reload(Reloader.scala:413)
	at play.core.server.DevServerStart$$anon$1.get(DevServerStart.scala:123)
	at play.core.server.Server.getHandlerFor(Server.scala:63)
	at play.core.server.Server.getHandlerFor$(Server.scala:48)
	at play.core.server.AkkaHttpServer.getHandlerFor(AkkaHttpServer.scala:41)
	at play.core.server.AkkaHttpServer.getHandler(AkkaHttpServer.scala:214)
	at play.core.server.AkkaHttpServer.handleRequest(AkkaHttpServer.scala:194)
	at play.core.server.AkkaHttpServer.$anonfun$createServerBinding$3(AkkaHttpServer.scala:106)
	at akka.stream.impl.fusing.MapAsync$$anon$23.onPush(Ops.scala:1172)
	at akka.stream.impl.fusing.GraphInterpreter.processPush(GraphInterpreter.scala:499)
	at akka.stream.impl.fusing.GraphInterpreter.processEvent(GraphInterpreter.scala:462)
	at akka.stream.impl.fusing.GraphInterpreter.execute(GraphInterpreter.scala:368)
	at akka.stream.impl.fusing.GraphInterpreterShell.runBatch(ActorGraphInterpreter.scala:571)
	at akka.stream.impl.fusing.GraphInterpreterShell$AsyncInput.execute(ActorGraphInterpreter.scala:457)
	at akka.stream.impl.fusing.GraphInterpreterShell.processEvent(ActorGraphInterpreter.scala:546)
	at akka.stream.impl.fusing.ActorGraphInterpreter.akka$stream$impl$fusing$ActorGraphInterpreter$$processEvent(ActorGraphInterpreter.scala:728)
	at akka.stream.impl.fusing.ActorGraphInterpreter$$anonfun$receive$1.applyOrElse(ActorGraphInterpreter.scala:743)
	at akka.actor.Actor.aroundReceive(Actor.scala:517)
	at akka.actor.Actor.aroundReceive$(Actor.scala:515)
	at akka.stream.impl.fusing.ActorGraphInterpreter.aroundReceive(ActorGraphInterpreter.scala:653)
	at akka.actor.ActorCell.receiveMessage(ActorCell.scala:527)
	at akka.actor.ActorCell.invoke(ActorCell.scala:496)
	at akka.dispatch.Mailbox.processMailbox(Mailbox.scala:257)
	at akka.dispatch.Mailbox.run(Mailbox.scala:224)
	at akka.dispatch.Mailbox.exec(Mailbox.scala:234)
	at akka.dispatch.forkjoin.ForkJoinTask.doExec(ForkJoinTask.java:260)
	at akka.dispatch.forkjoin.ForkJoinPool$WorkQueue.runTask(ForkJoinPool.java:1339)
	at akka.dispatch.forkjoin.ForkJoinPool.runWorker(ForkJoinPool.java:1979)
	at akka.dispatch.forkjoin.ForkJoinWorkerThread.run(ForkJoinWorkerThread.java:107)
2017-11-24 00:14:57,216 [ERROR] from application in play-dev-mode-akka.actor.default-dispatcher-71 - 

! @764ji8cmk - Internal server error, for (GET) [/chat/stream/3?user_id=saka] ->
 
play.sbt.PlayExceptions$CompilationException: Compilation error['}' expected but 'case' found.]
	at play.sbt.PlayExceptions$CompilationException$.apply(PlayExceptions.scala:34)
	at play.sbt.PlayExceptions$CompilationException$.apply(PlayExceptions.scala:34)
	at scala.Option.map(Option.scala:146)
	at play.sbt.run.PlayReload$.$anonfun$taskFailureHandler$1(PlayReload.scala:33)
	at scala.Option.map(Option.scala:146)
	at play.sbt.run.PlayReload$.taskFailureHandler(PlayReload.scala:28)
	at play.sbt.run.PlayReload$.compileFailure(PlayReload.scala:24)
	at play.sbt.run.PlayReload$.$anonfun$compile$3(PlayReload.scala:51)
	at scala.util.Either$LeftProjection.map(Either.scala:573)
	at play.sbt.run.PlayReload$.compile(PlayReload.scala:51)
	at play.sbt.run.PlayRun$.$anonfun$playRunTask$4(PlayRun.scala:75)
	at play.runsupport.Reloader.$anonfun$reload$1(Reloader.scala:413)
	at play.runsupport.Reloader$$anon$5.run(Reloader.scala:51)
	at java.security.AccessController.doPrivileged(Native Method)
	at play.runsupport.Reloader$.play$runsupport$Reloader$$withReloaderContextClassLoader(Reloader.scala:56)
	at play.runsupport.Reloader.reload(Reloader.scala:413)
	at play.core.server.DevServerStart$$anon$1.get(DevServerStart.scala:123)
	at play.core.server.Server.getHandlerFor(Server.scala:63)
	at play.core.server.Server.getHandlerFor$(Server.scala:48)
	at play.core.server.AkkaHttpServer.getHandlerFor(AkkaHttpServer.scala:41)
	at play.core.server.AkkaHttpServer.getHandler(AkkaHttpServer.scala:214)
	at play.core.server.AkkaHttpServer.handleRequest(AkkaHttpServer.scala:194)
	at play.core.server.AkkaHttpServer.$anonfun$createServerBinding$3(AkkaHttpServer.scala:106)
	at akka.stream.impl.fusing.MapAsync$$anon$23.onPush(Ops.scala:1172)
	at akka.stream.impl.fusing.GraphInterpreter.processPush(GraphInterpreter.scala:499)
	at akka.stream.impl.fusing.GraphInterpreter.processEvent(GraphInterpreter.scala:462)
	at akka.stream.impl.fusing.GraphInterpreter.execute(GraphInterpreter.scala:368)
	at akka.stream.impl.fusing.GraphInterpreterShell.runBatch(ActorGraphInterpreter.scala:571)
	at akka.stream.impl.fusing.GraphInterpreterShell$AsyncInput.execute(ActorGraphInterpreter.scala:457)
	at akka.stream.impl.fusing.GraphInterpreterShell.processEvent(ActorGraphInterpreter.scala:546)
	at akka.stream.impl.fusing.ActorGraphInterpreter.akka$stream$impl$fusing$ActorGraphInterpreter$$processEvent(ActorGraphInterpreter.scala:728)
	at akka.stream.impl.fusing.ActorGraphInterpreter$$anonfun$receive$1.applyOrElse(ActorGraphInterpreter.scala:743)
	at akka.actor.Actor.aroundReceive(Actor.scala:517)
	at akka.actor.Actor.aroundReceive$(Actor.scala:515)
	at akka.stream.impl.fusing.ActorGraphInterpreter.aroundReceive(ActorGraphInterpreter.scala:653)
	at akka.actor.ActorCell.receiveMessage(ActorCell.scala:527)
	at akka.actor.ActorCell.invoke(ActorCell.scala:496)
	at akka.dispatch.Mailbox.processMailbox(Mailbox.scala:257)
	at akka.dispatch.Mailbox.run(Mailbox.scala:224)
	at akka.dispatch.Mailbox.exec(Mailbox.scala:234)
	at akka.dispatch.forkjoin.ForkJoinTask.doExec(ForkJoinTask.java:260)
	at akka.dispatch.forkjoin.ForkJoinPool$WorkQueue.runTask(ForkJoinPool.java:1339)
	at akka.dispatch.forkjoin.ForkJoinPool.runWorker(ForkJoinPool.java:1979)
	at akka.dispatch.forkjoin.ForkJoinWorkerThread.run(ForkJoinWorkerThread.java:107)
2017-11-24 00:15:32,114 [ERROR] from application in play-dev-mode-akka.actor.default-dispatcher-71 - 

! @764jiacd1 - Internal server error, for (GET) [/chat/stream/4?user_id=saka] ->
 
play.sbt.PlayExceptions$CompilationException: Compilation error[type mismatch;
 found   : java.time.LocalDate
 required: String]
	at play.sbt.PlayExceptions$CompilationException$.apply(PlayExceptions.scala:34)
	at play.sbt.PlayExceptions$CompilationException$.apply(PlayExceptions.scala:34)
	at scala.Option.map(Option.scala:146)
	at play.sbt.run.PlayReload$.$anonfun$taskFailureHandler$1(PlayReload.scala:33)
	at scala.Option.map(Option.scala:146)
	at play.sbt.run.PlayReload$.taskFailureHandler(PlayReload.scala:28)
	at play.sbt.run.PlayReload$.compileFailure(PlayReload.scala:24)
	at play.sbt.run.PlayReload$.$anonfun$compile$3(PlayReload.scala:51)
	at scala.util.Either$LeftProjection.map(Either.scala:573)
	at play.sbt.run.PlayReload$.compile(PlayReload.scala:51)
	at play.sbt.run.PlayRun$.$anonfun$playRunTask$4(PlayRun.scala:75)
	at play.runsupport.Reloader.$anonfun$reload$1(Reloader.scala:413)
	at play.runsupport.Reloader$$anon$5.run(Reloader.scala:51)
	at java.security.AccessController.doPrivileged(Native Method)
	at play.runsupport.Reloader$.play$runsupport$Reloader$$withReloaderContextClassLoader(Reloader.scala:56)
	at play.runsupport.Reloader.reload(Reloader.scala:413)
	at play.core.server.DevServerStart$$anon$1.get(DevServerStart.scala:123)
	at play.core.server.Server.getHandlerFor(Server.scala:63)
	at play.core.server.Server.getHandlerFor$(Server.scala:48)
	at play.core.server.AkkaHttpServer.getHandlerFor(AkkaHttpServer.scala:41)
	at play.core.server.AkkaHttpServer.getHandler(AkkaHttpServer.scala:214)
	at play.core.server.AkkaHttpServer.handleRequest(AkkaHttpServer.scala:194)
	at play.core.server.AkkaHttpServer.$anonfun$createServerBinding$3(AkkaHttpServer.scala:106)
	at akka.stream.impl.fusing.MapAsync$$anon$23.onPush(Ops.scala:1172)
	at akka.stream.impl.fusing.GraphInterpreter.processPush(GraphInterpreter.scala:499)
	at akka.stream.impl.fusing.GraphInterpreter.processEvent(GraphInterpreter.scala:462)
	at akka.stream.impl.fusing.GraphInterpreter.execute(GraphInterpreter.scala:368)
	at akka.stream.impl.fusing.GraphInterpreterShell.runBatch(ActorGraphInterpreter.scala:571)
	at akka.stream.impl.fusing.GraphInterpreterShell$AsyncInput.execute(ActorGraphInterpreter.scala:457)
	at akka.stream.impl.fusing.GraphInterpreterShell.processEvent(ActorGraphInterpreter.scala:546)
	at akka.stream.impl.fusing.ActorGraphInterpreter.akka$stream$impl$fusing$ActorGraphInterpreter$$processEvent(ActorGraphInterpreter.scala:728)
	at akka.stream.impl.fusing.ActorGraphInterpreter$$anonfun$receive$1.applyOrElse(ActorGraphInterpreter.scala:743)
	at akka.actor.Actor.aroundReceive(Actor.scala:517)
	at akka.actor.Actor.aroundReceive$(Actor.scala:515)
	at akka.stream.impl.fusing.ActorGraphInterpreter.aroundReceive(ActorGraphInterpreter.scala:653)
	at akka.actor.ActorCell.receiveMessage(ActorCell.scala:527)
	at akka.actor.ActorCell.invoke(ActorCell.scala:496)
	at akka.dispatch.Mailbox.processMailbox(Mailbox.scala:257)
	at akka.dispatch.Mailbox.run(Mailbox.scala:224)
	at akka.dispatch.Mailbox.exec(Mailbox.scala:234)
	at akka.dispatch.forkjoin.ForkJoinTask.doExec(ForkJoinTask.java:260)
	at akka.dispatch.forkjoin.ForkJoinPool$WorkQueue.runTask(ForkJoinPool.java:1339)
	at akka.dispatch.forkjoin.ForkJoinPool.runWorker(ForkJoinPool.java:1979)
	at akka.dispatch.forkjoin.ForkJoinWorkerThread.run(ForkJoinWorkerThread.java:107)
2017-11-24 00:19:36,326 [ERROR] from application in play-dev-mode-akka.actor.default-dispatcher-74 - 

! @764jio9jl - Internal server error, for (GET) [/chat/stream/4?user_id=saka] ->
 
play.sbt.PlayExceptions$CompilationException: Compilation error[expected start of definition]
	at play.sbt.PlayExceptions$CompilationException$.apply(PlayExceptions.scala:34)
	at play.sbt.PlayExceptions$CompilationException$.apply(PlayExceptions.scala:34)
	at scala.Option.map(Option.scala:146)
	at play.sbt.run.PlayReload$.$anonfun$taskFailureHandler$1(PlayReload.scala:33)
	at scala.Option.map(Option.scala:146)
	at play.sbt.run.PlayReload$.taskFailureHandler(PlayReload.scala:28)
	at play.sbt.run.PlayReload$.compileFailure(PlayReload.scala:24)
	at play.sbt.run.PlayReload$.$anonfun$compile$3(PlayReload.scala:51)
	at scala.util.Either$LeftProjection.map(Either.scala:573)
	at play.sbt.run.PlayReload$.compile(PlayReload.scala:51)
	at play.sbt.run.PlayRun$.$anonfun$playRunTask$4(PlayRun.scala:75)
	at play.runsupport.Reloader.$anonfun$reload$1(Reloader.scala:413)
	at play.runsupport.Reloader$$anon$5.run(Reloader.scala:51)
	at java.security.AccessController.doPrivileged(Native Method)
	at play.runsupport.Reloader$.play$runsupport$Reloader$$withReloaderContextClassLoader(Reloader.scala:56)
	at play.runsupport.Reloader.reload(Reloader.scala:413)
	at play.core.server.DevServerStart$$anon$1.get(DevServerStart.scala:123)
	at play.core.server.Server.getHandlerFor(Server.scala:63)
	at play.core.server.Server.getHandlerFor$(Server.scala:48)
	at play.core.server.AkkaHttpServer.getHandlerFor(AkkaHttpServer.scala:41)
	at play.core.server.AkkaHttpServer.getHandler(AkkaHttpServer.scala:214)
	at play.core.server.AkkaHttpServer.handleRequest(AkkaHttpServer.scala:194)
	at play.core.server.AkkaHttpServer.$anonfun$createServerBinding$3(AkkaHttpServer.scala:106)
	at akka.stream.impl.fusing.MapAsync$$anon$23.onPush(Ops.scala:1172)
	at akka.stream.impl.fusing.GraphInterpreter.processPush(GraphInterpreter.scala:499)
	at akka.stream.impl.fusing.GraphInterpreter.processEvent(GraphInterpreter.scala:462)
	at akka.stream.impl.fusing.GraphInterpreter.execute(GraphInterpreter.scala:368)
	at akka.stream.impl.fusing.GraphInterpreterShell.runBatch(ActorGraphInterpreter.scala:571)
	at akka.stream.impl.fusing.GraphInterpreterShell$AsyncInput.execute(ActorGraphInterpreter.scala:457)
	at akka.stream.impl.fusing.GraphInterpreterShell.processEvent(ActorGraphInterpreter.scala:546)
	at akka.stream.impl.fusing.ActorGraphInterpreter.akka$stream$impl$fusing$ActorGraphInterpreter$$processEvent(ActorGraphInterpreter.scala:728)
	at akka.stream.impl.fusing.ActorGraphInterpreter$$anonfun$receive$1.applyOrElse(ActorGraphInterpreter.scala:743)
	at akka.actor.Actor.aroundReceive(Actor.scala:517)
	at akka.actor.Actor.aroundReceive$(Actor.scala:515)
	at akka.stream.impl.fusing.ActorGraphInterpreter.aroundReceive(ActorGraphInterpreter.scala:653)
	at akka.actor.ActorCell.receiveMessage(ActorCell.scala:527)
	at akka.actor.ActorCell.invoke(ActorCell.scala:496)
	at akka.dispatch.Mailbox.processMailbox(Mailbox.scala:257)
	at akka.dispatch.Mailbox.run(Mailbox.scala:224)
	at akka.dispatch.Mailbox.exec(Mailbox.scala:234)
	at akka.dispatch.forkjoin.ForkJoinTask.doExec(ForkJoinTask.java:260)
	at akka.dispatch.forkjoin.ForkJoinPool$WorkQueue.runTask(ForkJoinPool.java:1339)
	at akka.dispatch.forkjoin.ForkJoinPool.runWorker(ForkJoinPool.java:1979)
	at akka.dispatch.forkjoin.ForkJoinWorkerThread.run(ForkJoinWorkerThread.java:107)
2017-11-24 00:24:04,351 [ERROR] from application in play-dev-mode-akka.actor.default-dispatcher-80 - 

! @764jjdg6b - Internal server error, for (GET) [/chat/stream/4?user_id=saka] ->
 
play.sbt.PlayExceptions$CompilationException: Compilation error['}' expected but 'case' found.]
	at play.sbt.PlayExceptions$CompilationException$.apply(PlayExceptions.scala:34)
	at play.sbt.PlayExceptions$CompilationException$.apply(PlayExceptions.scala:34)
	at scala.Option.map(Option.scala:146)
	at play.sbt.run.PlayReload$.$anonfun$taskFailureHandler$1(PlayReload.scala:33)
	at scala.Option.map(Option.scala:146)
	at play.sbt.run.PlayReload$.taskFailureHandler(PlayReload.scala:28)
	at play.sbt.run.PlayReload$.compileFailure(PlayReload.scala:24)
	at play.sbt.run.PlayReload$.$anonfun$compile$3(PlayReload.scala:51)
	at scala.util.Either$LeftProjection.map(Either.scala:573)
	at play.sbt.run.PlayReload$.compile(PlayReload.scala:51)
	at play.sbt.run.PlayRun$.$anonfun$playRunTask$4(PlayRun.scala:75)
	at play.runsupport.Reloader.$anonfun$reload$1(Reloader.scala:413)
	at play.runsupport.Reloader$$anon$5.run(Reloader.scala:51)
	at java.security.AccessController.doPrivileged(Native Method)
	at play.runsupport.Reloader$.play$runsupport$Reloader$$withReloaderContextClassLoader(Reloader.scala:56)
	at play.runsupport.Reloader.reload(Reloader.scala:413)
	at play.core.server.DevServerStart$$anon$1.get(DevServerStart.scala:123)
	at play.core.server.Server.getHandlerFor(Server.scala:63)
	at play.core.server.Server.getHandlerFor$(Server.scala:48)
	at play.core.server.AkkaHttpServer.getHandlerFor(AkkaHttpServer.scala:41)
	at play.core.server.AkkaHttpServer.getHandler(AkkaHttpServer.scala:214)
	at play.core.server.AkkaHttpServer.handleRequest(AkkaHttpServer.scala:194)
	at play.core.server.AkkaHttpServer.$anonfun$createServerBinding$3(AkkaHttpServer.scala:106)
	at akka.stream.impl.fusing.MapAsync$$anon$23.onPush(Ops.scala:1172)
	at akka.stream.impl.fusing.GraphInterpreter.processPush(GraphInterpreter.scala:499)
	at akka.stream.impl.fusing.GraphInterpreter.processEvent(GraphInterpreter.scala:462)
	at akka.stream.impl.fusing.GraphInterpreter.execute(GraphInterpreter.scala:368)
	at akka.stream.impl.fusing.GraphInterpreterShell.runBatch(ActorGraphInterpreter.scala:571)
	at akka.stream.impl.fusing.GraphInterpreterShell$AsyncInput.execute(ActorGraphInterpreter.scala:457)
	at akka.stream.impl.fusing.GraphInterpreterShell.processEvent(ActorGraphInterpreter.scala:546)
	at akka.stream.impl.fusing.ActorGraphInterpreter.akka$stream$impl$fusing$ActorGraphInterpreter$$processEvent(ActorGraphInterpreter.scala:728)
	at akka.stream.impl.fusing.ActorGraphInterpreter$$anonfun$receive$1.applyOrElse(ActorGraphInterpreter.scala:743)
	at akka.actor.Actor.aroundReceive(Actor.scala:517)
	at akka.actor.Actor.aroundReceive$(Actor.scala:515)
	at akka.stream.impl.fusing.ActorGraphInterpreter.aroundReceive(ActorGraphInterpreter.scala:653)
	at akka.actor.ActorCell.receiveMessage(ActorCell.scala:527)
	at akka.actor.ActorCell.invoke(ActorCell.scala:496)
	at akka.dispatch.Mailbox.processMailbox(Mailbox.scala:257)
	at akka.dispatch.Mailbox.run(Mailbox.scala:224)
	at akka.dispatch.Mailbox.exec(Mailbox.scala:234)
	at akka.dispatch.forkjoin.ForkJoinTask.doExec(ForkJoinTask.java:260)
	at akka.dispatch.forkjoin.ForkJoinPool$WorkQueue.runTask(ForkJoinPool.java:1339)
	at akka.dispatch.forkjoin.ForkJoinPool.runWorker(ForkJoinPool.java:1979)
	at akka.dispatch.forkjoin.ForkJoinWorkerThread.run(ForkJoinWorkerThread.java:107)
2017-11-24 00:24:29,035 [ERROR] from application in play-dev-mode-akka.actor.default-dispatcher-86 - 

! @764jjf0jm - Internal server error, for (GET) [/chat/stream/4?user_id=saka] ->
 
play.sbt.PlayExceptions$CompilationException: Compilation error[not found: type DateTime]
	at play.sbt.PlayExceptions$CompilationException$.apply(PlayExceptions.scala:34)
	at play.sbt.PlayExceptions$CompilationException$.apply(PlayExceptions.scala:34)
	at scala.Option.map(Option.scala:146)
	at play.sbt.run.PlayReload$.$anonfun$taskFailureHandler$1(PlayReload.scala:33)
	at scala.Option.map(Option.scala:146)
	at play.sbt.run.PlayReload$.taskFailureHandler(PlayReload.scala:28)
	at play.sbt.run.PlayReload$.compileFailure(PlayReload.scala:24)
	at play.sbt.run.PlayReload$.$anonfun$compile$3(PlayReload.scala:51)
	at scala.util.Either$LeftProjection.map(Either.scala:573)
	at play.sbt.run.PlayReload$.compile(PlayReload.scala:51)
	at play.sbt.run.PlayRun$.$anonfun$playRunTask$4(PlayRun.scala:75)
	at play.runsupport.Reloader.$anonfun$reload$1(Reloader.scala:413)
	at play.runsupport.Reloader$$anon$5.run(Reloader.scala:51)
	at java.security.AccessController.doPrivileged(Native Method)
	at play.runsupport.Reloader$.play$runsupport$Reloader$$withReloaderContextClassLoader(Reloader.scala:56)
	at play.runsupport.Reloader.reload(Reloader.scala:413)
	at play.core.server.DevServerStart$$anon$1.get(DevServerStart.scala:123)
	at play.core.server.Server.getHandlerFor(Server.scala:63)
	at play.core.server.Server.getHandlerFor$(Server.scala:48)
	at play.core.server.AkkaHttpServer.getHandlerFor(AkkaHttpServer.scala:41)
	at play.core.server.AkkaHttpServer.getHandler(AkkaHttpServer.scala:214)
	at play.core.server.AkkaHttpServer.handleRequest(AkkaHttpServer.scala:194)
	at play.core.server.AkkaHttpServer.$anonfun$createServerBinding$3(AkkaHttpServer.scala:106)
	at akka.stream.impl.fusing.MapAsync$$anon$23.onPush(Ops.scala:1172)
	at akka.stream.impl.fusing.GraphInterpreter.processPush(GraphInterpreter.scala:499)
	at akka.stream.impl.fusing.GraphInterpreter.processEvent(GraphInterpreter.scala:462)
	at akka.stream.impl.fusing.GraphInterpreter.execute(GraphInterpreter.scala:368)
	at akka.stream.impl.fusing.GraphInterpreterShell.runBatch(ActorGraphInterpreter.scala:571)
	at akka.stream.impl.fusing.GraphInterpreterShell$AsyncInput.execute(ActorGraphInterpreter.scala:457)
	at akka.stream.impl.fusing.GraphInterpreterShell.processEvent(ActorGraphInterpreter.scala:546)
	at akka.stream.impl.fusing.ActorGraphInterpreter.akka$stream$impl$fusing$ActorGraphInterpreter$$processEvent(ActorGraphInterpreter.scala:728)
	at akka.stream.impl.fusing.ActorGraphInterpreter$$anonfun$receive$1.applyOrElse(ActorGraphInterpreter.scala:743)
	at akka.actor.Actor.aroundReceive(Actor.scala:517)
	at akka.actor.Actor.aroundReceive$(Actor.scala:515)
	at akka.stream.impl.fusing.ActorGraphInterpreter.aroundReceive(ActorGraphInterpreter.scala:653)
	at akka.actor.ActorCell.receiveMessage(ActorCell.scala:527)
	at akka.actor.ActorCell.invoke(ActorCell.scala:496)
	at akka.dispatch.Mailbox.processMailbox(Mailbox.scala:257)
	at akka.dispatch.Mailbox.run(Mailbox.scala:224)
	at akka.dispatch.Mailbox.exec(Mailbox.scala:234)
	at akka.dispatch.forkjoin.ForkJoinTask.doExec(ForkJoinTask.java:260)
	at akka.dispatch.forkjoin.ForkJoinPool$WorkQueue.runTask(ForkJoinPool.java:1339)
	at akka.dispatch.forkjoin.ForkJoinPool.runWorker(ForkJoinPool.java:1979)
	at akka.dispatch.forkjoin.ForkJoinWorkerThread.run(ForkJoinWorkerThread.java:107)
2017-11-24 00:25:55,900 [ERROR] from application in play-dev-mode-akka.actor.default-dispatcher-83 - 

! @764jjjp6l - Internal server error, for (GET) [/chat/stream/4?user_id=saka] ->
 
play.sbt.PlayExceptions$CompilationException: Compilation error[not found: value Calendar]
	at play.sbt.PlayExceptions$CompilationException$.apply(PlayExceptions.scala:34)
	at play.sbt.PlayExceptions$CompilationException$.apply(PlayExceptions.scala:34)
	at scala.Option.map(Option.scala:146)
	at play.sbt.run.PlayReload$.$anonfun$taskFailureHandler$1(PlayReload.scala:33)
	at scala.Option.map(Option.scala:146)
	at play.sbt.run.PlayReload$.taskFailureHandler(PlayReload.scala:28)
	at play.sbt.run.PlayReload$.compileFailure(PlayReload.scala:24)
	at play.sbt.run.PlayReload$.$anonfun$compile$3(PlayReload.scala:51)
	at scala.util.Either$LeftProjection.map(Either.scala:573)
	at play.sbt.run.PlayReload$.compile(PlayReload.scala:51)
	at play.sbt.run.PlayRun$.$anonfun$playRunTask$4(PlayRun.scala:75)
	at play.runsupport.Reloader.$anonfun$reload$1(Reloader.scala:413)
	at play.runsupport.Reloader$$anon$5.run(Reloader.scala:51)
	at java.security.AccessController.doPrivileged(Native Method)
	at play.runsupport.Reloader$.play$runsupport$Reloader$$withReloaderContextClassLoader(Reloader.scala:56)
	at play.runsupport.Reloader.reload(Reloader.scala:413)
	at play.core.server.DevServerStart$$anon$1.get(DevServerStart.scala:123)
	at play.core.server.Server.getHandlerFor(Server.scala:63)
	at play.core.server.Server.getHandlerFor$(Server.scala:48)
	at play.core.server.AkkaHttpServer.getHandlerFor(AkkaHttpServer.scala:41)
	at play.core.server.AkkaHttpServer.getHandler(AkkaHttpServer.scala:214)
	at play.core.server.AkkaHttpServer.handleRequest(AkkaHttpServer.scala:194)
	at play.core.server.AkkaHttpServer.$anonfun$createServerBinding$3(AkkaHttpServer.scala:106)
	at akka.stream.impl.fusing.MapAsync$$anon$23.onPush(Ops.scala:1172)
	at akka.stream.impl.fusing.GraphInterpreter.processPush(GraphInterpreter.scala:499)
	at akka.stream.impl.fusing.GraphInterpreter.processEvent(GraphInterpreter.scala:462)
	at akka.stream.impl.fusing.GraphInterpreter.execute(GraphInterpreter.scala:368)
	at akka.stream.impl.fusing.GraphInterpreterShell.runBatch(ActorGraphInterpreter.scala:571)
	at akka.stream.impl.fusing.GraphInterpreterShell$AsyncInput.execute(ActorGraphInterpreter.scala:457)
	at akka.stream.impl.fusing.GraphInterpreterShell.processEvent(ActorGraphInterpreter.scala:546)
	at akka.stream.impl.fusing.ActorGraphInterpreter.akka$stream$impl$fusing$ActorGraphInterpreter$$processEvent(ActorGraphInterpreter.scala:728)
	at akka.stream.impl.fusing.ActorGraphInterpreter$$anonfun$receive$1.applyOrElse(ActorGraphInterpreter.scala:743)
	at akka.actor.Actor.aroundReceive(Actor.scala:517)
	at akka.actor.Actor.aroundReceive$(Actor.scala:515)
	at akka.stream.impl.fusing.ActorGraphInterpreter.aroundReceive(ActorGraphInterpreter.scala:653)
	at akka.actor.ActorCell.receiveMessage(ActorCell.scala:527)
	at akka.actor.ActorCell.invoke(ActorCell.scala:496)
	at akka.dispatch.Mailbox.processMailbox(Mailbox.scala:257)
	at akka.dispatch.Mailbox.run(Mailbox.scala:224)
	at akka.dispatch.Mailbox.exec(Mailbox.scala:234)
	at akka.dispatch.forkjoin.ForkJoinTask.doExec(ForkJoinTask.java:260)
	at akka.dispatch.forkjoin.ForkJoinPool$WorkQueue.runTask(ForkJoinPool.java:1339)
	at akka.dispatch.forkjoin.ForkJoinPool.runWorker(ForkJoinPool.java:1979)
	at akka.dispatch.forkjoin.ForkJoinWorkerThread.run(ForkJoinWorkerThread.java:107)
2017-11-24 00:26:40,112 [INFO] from application in play-dev-mode-akka.actor.default-dispatcher-89 - ApplicationTimer demo: Stopping application at 2017-11-23T15:26:40.112Z after 5319s.
2017-11-24 00:26:40,245 [INFO] from application in play-dev-mode-akka.actor.default-dispatcher-89 - ApplicationTimer demo: Starting application at 2017-11-23T15:26:40.244Z.
2017-11-24 00:26:40,406 [INFO] from play.api.http.EnabledFilters in play-dev-mode-akka.actor.default-dispatcher-89 - Enabled Filters (see <https://www.playframework.com/documentation/latest/Filters>):

    play.filters.csrf.CSRFFilter
    play.filters.headers.SecurityHeadersFilter
    play.filters.hosts.AllowedHostsFilter
    filters.ExampleFilter

2017-11-24 00:26:40,406 [INFO] from play.api.Play in play-dev-mode-akka.actor.default-dispatcher-89 - Application started (Dev)
2017-11-24 00:31:23,598 [INFO] from application in play-dev-mode-akka.actor.default-dispatcher-96 - ApplicationTimer demo: Stopping application at 2017-11-23T15:31:23.598Z after 283s.
2017-11-24 00:31:23,724 [INFO] from application in play-dev-mode-akka.actor.default-dispatcher-96 - ApplicationTimer demo: Starting application at 2017-11-23T15:31:23.722Z.
2017-11-24 00:31:23,877 [INFO] from play.api.http.EnabledFilters in play-dev-mode-akka.actor.default-dispatcher-96 - Enabled Filters (see <https://www.playframework.com/documentation/latest/Filters>):

    play.filters.csrf.CSRFFilter
    play.filters.headers.SecurityHeadersFilter
    play.filters.hosts.AllowedHostsFilter
    filters.ExampleFilter

2017-11-24 00:31:23,878 [INFO] from play.api.Play in play-dev-mode-akka.actor.default-dispatcher-96 - Application started (Dev)
2017-11-24 17:43:54,471 [ERROR] from application in play-dev-mode-akka.actor.default-dispatcher-99 - 

! @764p0198b - Internal server error, for (GET) [/chat/stream/2?user_id=saka] ->
 
play.sbt.PlayExceptions$CompilationException: Compilation error[not found: value Calendar]
	at play.sbt.PlayExceptions$CompilationException$.apply(PlayExceptions.scala:34)
	at play.sbt.PlayExceptions$CompilationException$.apply(PlayExceptions.scala:34)
	at scala.Option.map(Option.scala:146)
	at play.sbt.run.PlayReload$.$anonfun$taskFailureHandler$1(PlayReload.scala:33)
	at scala.Option.map(Option.scala:146)
	at play.sbt.run.PlayReload$.taskFailureHandler(PlayReload.scala:28)
	at play.sbt.run.PlayReload$.compileFailure(PlayReload.scala:24)
	at play.sbt.run.PlayReload$.$anonfun$compile$3(PlayReload.scala:51)
	at scala.util.Either$LeftProjection.map(Either.scala:573)
	at play.sbt.run.PlayReload$.compile(PlayReload.scala:51)
	at play.sbt.run.PlayRun$.$anonfun$playRunTask$4(PlayRun.scala:75)
	at play.runsupport.Reloader.$anonfun$reload$1(Reloader.scala:413)
	at play.runsupport.Reloader$$anon$5.run(Reloader.scala:51)
	at java.security.AccessController.doPrivileged(Native Method)
	at play.runsupport.Reloader$.play$runsupport$Reloader$$withReloaderContextClassLoader(Reloader.scala:56)
	at play.runsupport.Reloader.reload(Reloader.scala:413)
	at play.core.server.DevServerStart$$anon$1.get(DevServerStart.scala:123)
	at play.core.server.Server.getHandlerFor(Server.scala:63)
	at play.core.server.Server.getHandlerFor$(Server.scala:48)
	at play.core.server.AkkaHttpServer.getHandlerFor(AkkaHttpServer.scala:41)
	at play.core.server.AkkaHttpServer.getHandler(AkkaHttpServer.scala:214)
	at play.core.server.AkkaHttpServer.handleRequest(AkkaHttpServer.scala:194)
	at play.core.server.AkkaHttpServer.$anonfun$createServerBinding$3(AkkaHttpServer.scala:106)
	at akka.stream.impl.fusing.MapAsync$$anon$23.onPush(Ops.scala:1172)
	at akka.stream.impl.fusing.GraphInterpreter.processPush(GraphInterpreter.scala:499)
	at akka.stream.impl.fusing.GraphInterpreter.processEvent(GraphInterpreter.scala:462)
	at akka.stream.impl.fusing.GraphInterpreter.execute(GraphInterpreter.scala:368)
	at akka.stream.impl.fusing.GraphInterpreterShell.runBatch(ActorGraphInterpreter.scala:571)
	at akka.stream.impl.fusing.GraphInterpreterShell$AsyncInput.execute(ActorGraphInterpreter.scala:457)
	at akka.stream.impl.fusing.GraphInterpreterShell.processEvent(ActorGraphInterpreter.scala:546)
	at akka.stream.impl.fusing.ActorGraphInterpreter.akka$stream$impl$fusing$ActorGraphInterpreter$$processEvent(ActorGraphInterpreter.scala:728)
	at akka.stream.impl.fusing.ActorGraphInterpreter$$anonfun$receive$1.applyOrElse(ActorGraphInterpreter.scala:743)
	at akka.actor.Actor.aroundReceive(Actor.scala:517)
	at akka.actor.Actor.aroundReceive$(Actor.scala:515)
	at akka.stream.impl.fusing.ActorGraphInterpreter.aroundReceive(ActorGraphInterpreter.scala:653)
	at akka.actor.ActorCell.receiveMessage(ActorCell.scala:527)
	at akka.actor.ActorCell.invoke(ActorCell.scala:496)
	at akka.dispatch.Mailbox.processMailbox(Mailbox.scala:257)
	at akka.dispatch.Mailbox.run(Mailbox.scala:224)
	at akka.dispatch.Mailbox.exec(Mailbox.scala:234)
	at akka.dispatch.forkjoin.ForkJoinTask.doExec(ForkJoinTask.java:260)
	at akka.dispatch.forkjoin.ForkJoinPool$WorkQueue.runTask(ForkJoinPool.java:1339)
	at akka.dispatch.forkjoin.ForkJoinPool.runWorker(ForkJoinPool.java:1979)
	at akka.dispatch.forkjoin.ForkJoinWorkerThread.run(ForkJoinWorkerThread.java:107)
2017-11-24 17:44:54,027 [ERROR] from application in play-dev-mode-akka.actor.default-dispatcher-85 - 

! @764p04jb2 - Internal server error, for (GET) [/chat/stream/2?user_id=saka] ->
 
play.sbt.PlayExceptions$CompilationException: Compilation error[not found: value Calendar]
	at play.sbt.PlayExceptions$CompilationException$.apply(PlayExceptions.scala:34)
	at play.sbt.PlayExceptions$CompilationException$.apply(PlayExceptions.scala:34)
	at scala.Option.map(Option.scala:146)
	at play.sbt.run.PlayReload$.$anonfun$taskFailureHandler$1(PlayReload.scala:33)
	at scala.Option.map(Option.scala:146)
	at play.sbt.run.PlayReload$.taskFailureHandler(PlayReload.scala:28)
	at play.sbt.run.PlayReload$.compileFailure(PlayReload.scala:24)
	at play.sbt.run.PlayReload$.$anonfun$compile$3(PlayReload.scala:51)
	at scala.util.Either$LeftProjection.map(Either.scala:573)
	at play.sbt.run.PlayReload$.compile(PlayReload.scala:51)
	at play.sbt.run.PlayRun$.$anonfun$playRunTask$4(PlayRun.scala:75)
	at play.runsupport.Reloader.$anonfun$reload$1(Reloader.scala:413)
	at play.runsupport.Reloader$$anon$5.run(Reloader.scala:51)
	at java.security.AccessController.doPrivileged(Native Method)
	at play.runsupport.Reloader$.play$runsupport$Reloader$$withReloaderContextClassLoader(Reloader.scala:56)
	at play.runsupport.Reloader.reload(Reloader.scala:413)
	at play.core.server.DevServerStart$$anon$1.get(DevServerStart.scala:123)
	at play.core.server.Server.getHandlerFor(Server.scala:63)
	at play.core.server.Server.getHandlerFor$(Server.scala:48)
	at play.core.server.AkkaHttpServer.getHandlerFor(AkkaHttpServer.scala:41)
	at play.core.server.AkkaHttpServer.getHandler(AkkaHttpServer.scala:214)
	at play.core.server.AkkaHttpServer.handleRequest(AkkaHttpServer.scala:194)
	at play.core.server.AkkaHttpServer.$anonfun$createServerBinding$3(AkkaHttpServer.scala:106)
	at akka.stream.impl.fusing.MapAsync$$anon$23.onPush(Ops.scala:1172)
	at akka.stream.impl.fusing.GraphInterpreter.processPush(GraphInterpreter.scala:499)
	at akka.stream.impl.fusing.GraphInterpreter.processEvent(GraphInterpreter.scala:462)
	at akka.stream.impl.fusing.GraphInterpreter.execute(GraphInterpreter.scala:368)
	at akka.stream.impl.fusing.GraphInterpreterShell.runBatch(ActorGraphInterpreter.scala:571)
	at akka.stream.impl.fusing.GraphInterpreterShell$AsyncInput.execute(ActorGraphInterpreter.scala:457)
	at akka.stream.impl.fusing.GraphInterpreterShell.processEvent(ActorGraphInterpreter.scala:546)
	at akka.stream.impl.fusing.ActorGraphInterpreter.akka$stream$impl$fusing$ActorGraphInterpreter$$processEvent(ActorGraphInterpreter.scala:728)
	at akka.stream.impl.fusing.ActorGraphInterpreter$$anonfun$receive$1.applyOrElse(ActorGraphInterpreter.scala:743)
	at akka.actor.Actor.aroundReceive(Actor.scala:517)
	at akka.actor.Actor.aroundReceive$(Actor.scala:515)
	at akka.stream.impl.fusing.ActorGraphInterpreter.aroundReceive(ActorGraphInterpreter.scala:653)
	at akka.actor.ActorCell.receiveMessage(ActorCell.scala:527)
	at akka.actor.ActorCell.invoke(ActorCell.scala:496)
	at akka.dispatch.Mailbox.processMailbox(Mailbox.scala:257)
	at akka.dispatch.Mailbox.run(Mailbox.scala:224)
	at akka.dispatch.Mailbox.exec(Mailbox.scala:234)
	at akka.dispatch.forkjoin.ForkJoinTask.doExec(ForkJoinTask.java:260)
	at akka.dispatch.forkjoin.ForkJoinPool$WorkQueue.runTask(ForkJoinPool.java:1339)
	at akka.dispatch.forkjoin.ForkJoinPool.runWorker(ForkJoinPool.java:1979)
	at akka.dispatch.forkjoin.ForkJoinWorkerThread.run(ForkJoinWorkerThread.java:107)
2017-11-24 17:45:32,900 [ERROR] from application in play-dev-mode-akka.actor.default-dispatcher-99 - 

! @764p06oo5 - Internal server error, for (GET) [/chat/stream/2?user_id=saka] ->
 
play.sbt.PlayExceptions$CompilationException: Compilation error[not found: type SimpleDateFormat]
	at play.sbt.PlayExceptions$CompilationException$.apply(PlayExceptions.scala:34)
	at play.sbt.PlayExceptions$CompilationException$.apply(PlayExceptions.scala:34)
	at scala.Option.map(Option.scala:146)
	at play.sbt.run.PlayReload$.$anonfun$taskFailureHandler$1(PlayReload.scala:33)
	at scala.Option.map(Option.scala:146)
	at play.sbt.run.PlayReload$.taskFailureHandler(PlayReload.scala:28)
	at play.sbt.run.PlayReload$.compileFailure(PlayReload.scala:24)
	at play.sbt.run.PlayReload$.$anonfun$compile$3(PlayReload.scala:51)
	at scala.util.Either$LeftProjection.map(Either.scala:573)
	at play.sbt.run.PlayReload$.compile(PlayReload.scala:51)
	at play.sbt.run.PlayRun$.$anonfun$playRunTask$4(PlayRun.scala:75)
	at play.runsupport.Reloader.$anonfun$reload$1(Reloader.scala:413)
	at play.runsupport.Reloader$$anon$5.run(Reloader.scala:51)
	at java.security.AccessController.doPrivileged(Native Method)
	at play.runsupport.Reloader$.play$runsupport$Reloader$$withReloaderContextClassLoader(Reloader.scala:56)
	at play.runsupport.Reloader.reload(Reloader.scala:413)
	at play.core.server.DevServerStart$$anon$1.get(DevServerStart.scala:123)
	at play.core.server.Server.getHandlerFor(Server.scala:63)
	at play.core.server.Server.getHandlerFor$(Server.scala:48)
	at play.core.server.AkkaHttpServer.getHandlerFor(AkkaHttpServer.scala:41)
	at play.core.server.AkkaHttpServer.getHandler(AkkaHttpServer.scala:214)
	at play.core.server.AkkaHttpServer.handleRequest(AkkaHttpServer.scala:194)
	at play.core.server.AkkaHttpServer.$anonfun$createServerBinding$3(AkkaHttpServer.scala:106)
	at akka.stream.impl.fusing.MapAsync$$anon$23.onPush(Ops.scala:1172)
	at akka.stream.impl.fusing.GraphInterpreter.processPush(GraphInterpreter.scala:499)
	at akka.stream.impl.fusing.GraphInterpreter.processEvent(GraphInterpreter.scala:462)
	at akka.stream.impl.fusing.GraphInterpreter.execute(GraphInterpreter.scala:368)
	at akka.stream.impl.fusing.GraphInterpreterShell.runBatch(ActorGraphInterpreter.scala:571)
	at akka.stream.impl.fusing.GraphInterpreterShell$AsyncInput.execute(ActorGraphInterpreter.scala:457)
	at akka.stream.impl.fusing.GraphInterpreterShell.processEvent(ActorGraphInterpreter.scala:546)
	at akka.stream.impl.fusing.ActorGraphInterpreter.akka$stream$impl$fusing$ActorGraphInterpreter$$processEvent(ActorGraphInterpreter.scala:728)
	at akka.stream.impl.fusing.ActorGraphInterpreter$$anonfun$receive$1.applyOrElse(ActorGraphInterpreter.scala:743)
	at akka.actor.Actor.aroundReceive(Actor.scala:517)
	at akka.actor.Actor.aroundReceive$(Actor.scala:515)
	at akka.stream.impl.fusing.ActorGraphInterpreter.aroundReceive(ActorGraphInterpreter.scala:653)
	at akka.actor.ActorCell.receiveMessage(ActorCell.scala:527)
	at akka.actor.ActorCell.invoke(ActorCell.scala:496)
	at akka.dispatch.Mailbox.processMailbox(Mailbox.scala:257)
	at akka.dispatch.Mailbox.run(Mailbox.scala:224)
	at akka.dispatch.Mailbox.exec(Mailbox.scala:234)
	at akka.dispatch.forkjoin.ForkJoinTask.doExec(ForkJoinTask.java:260)
	at akka.dispatch.forkjoin.ForkJoinPool$WorkQueue.runTask(ForkJoinPool.java:1339)
	at akka.dispatch.forkjoin.ForkJoinPool.runWorker(ForkJoinPool.java:1979)
	at akka.dispatch.forkjoin.ForkJoinWorkerThread.run(ForkJoinWorkerThread.java:107)
2017-11-24 17:47:01,670 [INFO] from application in play-dev-mode-akka.actor.default-dispatcher-109 - ApplicationTimer demo: Stopping application at 2017-11-24T08:47:01.670Z after 62138s.
2017-11-24 17:47:01,778 [INFO] from application in play-dev-mode-akka.actor.default-dispatcher-109 - ApplicationTimer demo: Starting application at 2017-11-24T08:47:01.777Z.
2017-11-24 17:47:01,911 [INFO] from play.api.http.EnabledFilters in play-dev-mode-akka.actor.default-dispatcher-109 - Enabled Filters (see <https://www.playframework.com/documentation/latest/Filters>):

    play.filters.csrf.CSRFFilter
    play.filters.headers.SecurityHeadersFilter
    play.filters.hosts.AllowedHostsFilter
    filters.ExampleFilter

2017-11-24 17:47:01,912 [INFO] from play.api.Play in play-dev-mode-akka.actor.default-dispatcher-109 - Application started (Dev)
2017-11-24 18:06:32,296 [INFO] from application in play-dev-mode-akka.actor.default-dispatcher-111 - ApplicationTimer demo: Stopping application at 2017-11-24T09:06:32.296Z after 1171s.
2017-11-24 18:06:32,450 [INFO] from application in play-dev-mode-akka.actor.default-dispatcher-111 - ApplicationTimer demo: Starting application at 2017-11-24T09:06:32.448Z.
2017-11-24 18:06:32,599 [INFO] from play.api.http.EnabledFilters in play-dev-mode-akka.actor.default-dispatcher-111 - Enabled Filters (see <https://www.playframework.com/documentation/latest/Filters>):

    play.filters.csrf.CSRFFilter
    play.filters.headers.SecurityHeadersFilter
    play.filters.hosts.AllowedHostsFilter
    filters.ExampleFilter

2017-11-24 18:06:32,600 [INFO] from play.api.Play in play-dev-mode-akka.actor.default-dispatcher-111 - Application started (Dev)
2017-11-24 18:08:01,953 [INFO] from application in play-dev-mode-akka.actor.default-dispatcher-110 - ApplicationTimer demo: Stopping application at 2017-11-24T09:08:01.952Z after 89s.
2017-11-24 18:08:02,045 [INFO] from application in play-dev-mode-akka.actor.default-dispatcher-110 - ApplicationTimer demo: Starting application at 2017-11-24T09:08:02.044Z.
2017-11-24 18:08:02,126 [INFO] from play.api.http.EnabledFilters in play-dev-mode-akka.actor.default-dispatcher-110 - Enabled Filters (see <https://www.playframework.com/documentation/latest/Filters>):

    play.filters.csrf.CSRFFilter
    play.filters.headers.SecurityHeadersFilter
    play.filters.hosts.AllowedHostsFilter
    filters.ExampleFilter

2017-11-24 18:08:02,126 [INFO] from play.api.Play in play-dev-mode-akka.actor.default-dispatcher-110 - Application started (Dev)
2017-11-24 18:10:15,673 [INFO] from application in play-dev-mode-akka.actor.default-dispatcher-115 - ApplicationTimer demo: Stopping application at 2017-11-24T09:10:15.673Z after 133s.
2017-11-24 18:10:15,802 [INFO] from application in play-dev-mode-akka.actor.default-dispatcher-115 - ApplicationTimer demo: Starting application at 2017-11-24T09:10:15.801Z.
2017-11-24 18:10:15,930 [INFO] from play.api.http.EnabledFilters in play-dev-mode-akka.actor.default-dispatcher-115 - Enabled Filters (see <https://www.playframework.com/documentation/latest/Filters>):

    play.filters.csrf.CSRFFilter
    play.filters.headers.SecurityHeadersFilter
    play.filters.hosts.AllowedHostsFilter
    filters.ExampleFilter

2017-11-24 18:10:15,931 [INFO] from play.api.Play in play-dev-mode-akka.actor.default-dispatcher-115 - Application started (Dev)
2017-11-24 18:12:37,503 [ERROR] from application in play-dev-mode-akka.actor.default-dispatcher-111 - 

! @764p3la4o - Internal server error, for (GET) [/chat/stream/7?user_id=saka] ->
 
play.sbt.PlayExceptions$CompilationException: Compilation error['}' expected but 'case' found.]
	at play.sbt.PlayExceptions$CompilationException$.apply(PlayExceptions.scala:34)
	at play.sbt.PlayExceptions$CompilationException$.apply(PlayExceptions.scala:34)
	at scala.Option.map(Option.scala:146)
	at play.sbt.run.PlayReload$.$anonfun$taskFailureHandler$1(PlayReload.scala:33)
	at scala.Option.map(Option.scala:146)
	at play.sbt.run.PlayReload$.taskFailureHandler(PlayReload.scala:28)
	at play.sbt.run.PlayReload$.compileFailure(PlayReload.scala:24)
	at play.sbt.run.PlayReload$.$anonfun$compile$3(PlayReload.scala:51)
	at scala.util.Either$LeftProjection.map(Either.scala:573)
	at play.sbt.run.PlayReload$.compile(PlayReload.scala:51)
	at play.sbt.run.PlayRun$.$anonfun$playRunTask$4(PlayRun.scala:75)
	at play.runsupport.Reloader.$anonfun$reload$1(Reloader.scala:413)
	at play.runsupport.Reloader$$anon$5.run(Reloader.scala:51)
	at java.security.AccessController.doPrivileged(Native Method)
	at play.runsupport.Reloader$.play$runsupport$Reloader$$withReloaderContextClassLoader(Reloader.scala:56)
	at play.runsupport.Reloader.reload(Reloader.scala:413)
	at play.core.server.DevServerStart$$anon$1.get(DevServerStart.scala:123)
	at play.core.server.Server.getHandlerFor(Server.scala:63)
	at play.core.server.Server.getHandlerFor$(Server.scala:48)
	at play.core.server.AkkaHttpServer.getHandlerFor(AkkaHttpServer.scala:41)
	at play.core.server.AkkaHttpServer.getHandler(AkkaHttpServer.scala:214)
	at play.core.server.AkkaHttpServer.handleRequest(AkkaHttpServer.scala:194)
	at play.core.server.AkkaHttpServer.$anonfun$createServerBinding$3(AkkaHttpServer.scala:106)
	at akka.stream.impl.fusing.MapAsync$$anon$23.onPush(Ops.scala:1172)
	at akka.stream.impl.fusing.GraphInterpreter.processPush(GraphInterpreter.scala:499)
	at akka.stream.impl.fusing.GraphInterpreter.processEvent(GraphInterpreter.scala:462)
	at akka.stream.impl.fusing.GraphInterpreter.execute(GraphInterpreter.scala:368)
	at akka.stream.impl.fusing.GraphInterpreterShell.runBatch(ActorGraphInterpreter.scala:571)
	at akka.stream.impl.fusing.GraphInterpreterShell$AsyncInput.execute(ActorGraphInterpreter.scala:457)
	at akka.stream.impl.fusing.GraphInterpreterShell.processEvent(ActorGraphInterpreter.scala:546)
	at akka.stream.impl.fusing.ActorGraphInterpreter.akka$stream$impl$fusing$ActorGraphInterpreter$$processEvent(ActorGraphInterpreter.scala:728)
	at akka.stream.impl.fusing.ActorGraphInterpreter$$anonfun$receive$1.applyOrElse(ActorGraphInterpreter.scala:743)
	at akka.actor.Actor.aroundReceive(Actor.scala:517)
	at akka.actor.Actor.aroundReceive$(Actor.scala:515)
	at akka.stream.impl.fusing.ActorGraphInterpreter.aroundReceive(ActorGraphInterpreter.scala:653)
	at akka.actor.ActorCell.receiveMessage(ActorCell.scala:527)
	at akka.actor.ActorCell.invoke(ActorCell.scala:496)
	at akka.dispatch.Mailbox.processMailbox(Mailbox.scala:257)
	at akka.dispatch.Mailbox.run(Mailbox.scala:224)
	at akka.dispatch.Mailbox.exec(Mailbox.scala:234)
	at akka.dispatch.forkjoin.ForkJoinTask.doExec(ForkJoinTask.java:260)
	at akka.dispatch.forkjoin.ForkJoinPool$WorkQueue.runTask(ForkJoinPool.java:1339)
	at akka.dispatch.forkjoin.ForkJoinPool.runWorker(ForkJoinPool.java:1979)
	at akka.dispatch.forkjoin.ForkJoinWorkerThread.run(ForkJoinWorkerThread.java:107)
2017-11-24 18:14:24,825 [INFO] from application in play-dev-mode-akka.actor.default-dispatcher-119 - ApplicationTimer demo: Stopping application at 2017-11-24T09:14:24.825Z after 249s.
2017-11-24 18:14:24,949 [INFO] from application in play-dev-mode-akka.actor.default-dispatcher-119 - ApplicationTimer demo: Starting application at 2017-11-24T09:14:24.948Z.
2017-11-24 18:14:25,094 [INFO] from play.api.http.EnabledFilters in play-dev-mode-akka.actor.default-dispatcher-119 - Enabled Filters (see <https://www.playframework.com/documentation/latest/Filters>):

    play.filters.csrf.CSRFFilter
    play.filters.headers.SecurityHeadersFilter
    play.filters.hosts.AllowedHostsFilter
    filters.ExampleFilter

2017-11-24 18:14:25,095 [INFO] from play.api.Play in play-dev-mode-akka.actor.default-dispatcher-119 - Application started (Dev)
2017-11-24 18:20:01,413 [INFO] from application in play-dev-mode-akka.actor.default-dispatcher-121 - ApplicationTimer demo: Stopping application at 2017-11-24T09:20:01.413Z after 337s.
2017-11-24 18:20:01,514 [INFO] from application in play-dev-mode-akka.actor.default-dispatcher-121 - ApplicationTimer demo: Starting application at 2017-11-24T09:20:01.513Z.
2017-11-24 18:20:01,619 [INFO] from play.api.http.EnabledFilters in play-dev-mode-akka.actor.default-dispatcher-121 - Enabled Filters (see <https://www.playframework.com/documentation/latest/Filters>):

    play.filters.csrf.CSRFFilter
    play.filters.headers.SecurityHeadersFilter
    play.filters.hosts.AllowedHostsFilter
    filters.ExampleFilter

2017-11-24 18:20:01,619 [INFO] from play.api.Play in play-dev-mode-akka.actor.default-dispatcher-121 - Application started (Dev)
2017-11-24 19:14:31,897 [INFO] from application in play-dev-mode-akka.actor.default-dispatcher-159 - ApplicationTimer demo: Stopping application at 2017-11-24T10:14:31.897Z after 3270s.
2017-11-24 19:14:31,998 [INFO] from application in play-dev-mode-akka.actor.default-dispatcher-159 - ApplicationTimer demo: Starting application at 2017-11-24T10:14:31.995Z.
2017-11-24 19:14:32,115 [INFO] from play.api.http.EnabledFilters in play-dev-mode-akka.actor.default-dispatcher-159 - Enabled Filters (see <https://www.playframework.com/documentation/latest/Filters>):

    play.filters.csrf.CSRFFilter
    play.filters.headers.SecurityHeadersFilter
    play.filters.hosts.AllowedHostsFilter
    filters.ExampleFilter

2017-11-24 19:14:32,116 [INFO] from play.api.Play in play-dev-mode-akka.actor.default-dispatcher-159 - Application started (Dev)
2017-11-24 19:28:17,769 [ERROR] from application in play-dev-mode-akka.actor.default-dispatcher-175 - 

! @764pdjied - Internal server error, for (GET) [/chat/stream/9?user_id=saka] ->
 
play.sbt.PlayExceptions$CompilationException: Compilation error[Overloaded method value [read] cannot be applied to  (play.api.libs.json.JsPath)]
	at play.sbt.PlayExceptions$CompilationException$.apply(PlayExceptions.scala:34)
	at play.sbt.PlayExceptions$CompilationException$.apply(PlayExceptions.scala:34)
	at scala.Option.map(Option.scala:146)
	at play.sbt.run.PlayReload$.$anonfun$taskFailureHandler$1(PlayReload.scala:33)
	at scala.Option.map(Option.scala:146)
	at play.sbt.run.PlayReload$.taskFailureHandler(PlayReload.scala:28)
	at play.sbt.run.PlayReload$.compileFailure(PlayReload.scala:24)
	at play.sbt.run.PlayReload$.$anonfun$compile$3(PlayReload.scala:51)
	at scala.util.Either$LeftProjection.map(Either.scala:573)
	at play.sbt.run.PlayReload$.compile(PlayReload.scala:51)
	at play.sbt.run.PlayRun$.$anonfun$playRunTask$4(PlayRun.scala:75)
	at play.runsupport.Reloader.$anonfun$reload$1(Reloader.scala:413)
	at play.runsupport.Reloader$$anon$5.run(Reloader.scala:51)
	at java.security.AccessController.doPrivileged(Native Method)
	at play.runsupport.Reloader$.play$runsupport$Reloader$$withReloaderContextClassLoader(Reloader.scala:56)
	at play.runsupport.Reloader.reload(Reloader.scala:413)
	at play.core.server.DevServerStart$$anon$1.get(DevServerStart.scala:123)
	at play.core.server.Server.getHandlerFor(Server.scala:63)
	at play.core.server.Server.getHandlerFor$(Server.scala:48)
	at play.core.server.AkkaHttpServer.getHandlerFor(AkkaHttpServer.scala:41)
	at play.core.server.AkkaHttpServer.getHandler(AkkaHttpServer.scala:214)
	at play.core.server.AkkaHttpServer.handleRequest(AkkaHttpServer.scala:194)
	at play.core.server.AkkaHttpServer.$anonfun$createServerBinding$3(AkkaHttpServer.scala:106)
	at akka.stream.impl.fusing.MapAsync$$anon$23.onPush(Ops.scala:1172)
	at akka.stream.impl.fusing.GraphInterpreter.processPush(GraphInterpreter.scala:499)
	at akka.stream.impl.fusing.GraphInterpreter.processEvent(GraphInterpreter.scala:462)
	at akka.stream.impl.fusing.GraphInterpreter.execute(GraphInterpreter.scala:368)
	at akka.stream.impl.fusing.GraphInterpreterShell.runBatch(ActorGraphInterpreter.scala:571)
	at akka.stream.impl.fusing.GraphInterpreterShell$AsyncInput.execute(ActorGraphInterpreter.scala:457)
	at akka.stream.impl.fusing.GraphInterpreterShell.processEvent(ActorGraphInterpreter.scala:546)
	at akka.stream.impl.fusing.ActorGraphInterpreter.akka$stream$impl$fusing$ActorGraphInterpreter$$processEvent(ActorGraphInterpreter.scala:728)
	at akka.stream.impl.fusing.ActorGraphInterpreter$$anonfun$receive$1.applyOrElse(ActorGraphInterpreter.scala:743)
	at akka.actor.Actor.aroundReceive(Actor.scala:517)
	at akka.actor.Actor.aroundReceive$(Actor.scala:515)
	at akka.stream.impl.fusing.ActorGraphInterpreter.aroundReceive(ActorGraphInterpreter.scala:653)
	at akka.actor.ActorCell.receiveMessage(ActorCell.scala:527)
	at akka.actor.ActorCell.invoke(ActorCell.scala:496)
	at akka.dispatch.Mailbox.processMailbox(Mailbox.scala:257)
	at akka.dispatch.Mailbox.run(Mailbox.scala:224)
	at akka.dispatch.Mailbox.exec(Mailbox.scala:234)
	at akka.dispatch.forkjoin.ForkJoinTask.doExec(ForkJoinTask.java:260)
	at akka.dispatch.forkjoin.ForkJoinPool$WorkQueue.runTask(ForkJoinPool.java:1339)
	at akka.dispatch.forkjoin.ForkJoinPool.runWorker(ForkJoinPool.java:1979)
	at akka.dispatch.forkjoin.ForkJoinWorkerThread.run(ForkJoinWorkerThread.java:107)
2017-11-24 19:28:54,254 [INFO] from application in play-dev-mode-akka.actor.default-dispatcher-175 - ApplicationTimer demo: Stopping application at 2017-11-24T10:28:54.253Z after 863s.
2017-11-24 19:28:54,353 [INFO] from application in play-dev-mode-akka.actor.default-dispatcher-175 - ApplicationTimer demo: Starting application at 2017-11-24T10:28:54.352Z.
2017-11-24 19:28:54,456 [INFO] from play.api.http.EnabledFilters in play-dev-mode-akka.actor.default-dispatcher-175 - Enabled Filters (see <https://www.playframework.com/documentation/latest/Filters>):

    play.filters.csrf.CSRFFilter
    play.filters.headers.SecurityHeadersFilter
    play.filters.hosts.AllowedHostsFilter
    filters.ExampleFilter

2017-11-24 19:28:54,456 [INFO] from play.api.Play in play-dev-mode-akka.actor.default-dispatcher-175 - Application started (Dev)
